<?xml version="1.0" encoding="UTF-8"?>
<!-- Generated by org.testng.reporters.JUnitReportReporter -->
<testsuite hostname="DESKTOP-DK9PHP1" failures="0" tests="4" name="myTestCases" time="0.240" errors="0" timestamp="2024-06-26T02:21:27 EET" skipped="0">
  <testcase classname="myTestCases" name="defaultCurrency" time="0.071"/>
  <system-out/>
  <testcase classname="myTestCases" name="testContact" time="0.054"/>
  <system-out/>
  <testcase classname="myTestCases" name="defaultLanguage" time="0.046"/>
  <system-out/>
  <testcase classname="myTestCases" name="verifyQitafLogo" time="0.069"/>
  <system-out/>
</testsuite> <!-- myTestCases -->
