<?xml version="1.0" encoding="UTF-8"?>
<!-- Generated by org.testng.reporters.JUnitReportReporter -->
<testsuite hostname="DESKTOP-DK9PHP1" failures="0" tests="11" name="myTestCases" time="38.170" errors="0" timestamp="2024-07-08T01:16:49 EET" skipped="0">
  <testcase classname="myTestCases" name="CheckTheLanguage" time="0.069"/>
  <system-out/>
  <testcase classname="myTestCases" name="CheckTheCurrency" time="0.056"/>
  <system-out/>
  <testcase classname="myTestCases" name="CheckContantNumber" time="0.048"/>
  <system-out/>
  <testcase classname="myTestCases" name="QitafLogo" time="0.120"/>
  <system-out/>
  <testcase classname="myTestCases" name="CheckTheHotelIsNotSelected" time="0.053"/>
  <system-out/>
  <testcase classname="myTestCases" name="CheckDepartureAndReturnDate" time="2.013"/>
  <system-out/>
  <testcase classname="myTestCases" name="CheckTheLanguageHasChangedRandomly" time="2.105"/>
  <system-out/>
  <testcase classname="myTestCases" name="HotelSelection" time="0.523"/>
  <system-out/>
  <testcase classname="myTestCases" name="HotelVesitor" time="7.324"/>
  <system-out/>
  <testcase classname="myTestCases" name="HotelPageIsLoaded" time="22.593"/>
  <system-out/>
  <testcase classname="myTestCases" name="HotelSorting" time="3.266"/>
  <system-out/>
</testsuite> <!-- myTestCases -->
